[0.030s] Invoking command in '/home/user/ros2_ws/build/custom_interfaces': _=/usr/bin/env /usr/bin/cmake --build /home/user/ros2_ws/build/custom_interfaces -- -j8 -l8
[0.103s] -- Found ament_cmake: 1.3.2 (/opt/ros/humble/share/ament_cmake/cmake)
[0.378s] -- Found rclcpp: 16.0.1 (/opt/ros/humble/share/rclcpp/cmake)
[0.437s] -- Found rosidl_generator_c: 3.1.3 (/opt/ros/humble/share/rosidl_generator_c/cmake)
[0.442s] -- Found rosidl_adapter: 3.1.3 (/opt/ros/humble/share/rosidl_adapter/cmake)
[0.453s] -- Found rosidl_generator_cpp: 3.1.3 (/opt/ros/humble/share/rosidl_generator_cpp/cmake)
[0.476s] -- Using all available rosidl_typesupport_c: rosidl_typesupport_fastrtps_c;rosidl_typesupport_introspection_c
[0.507s] -- Using all available rosidl_typesupport_cpp: rosidl_typesupport_fastrtps_cpp;rosidl_typesupport_introspection_cpp
[0.625s] -- Found rmw_implementation_cmake: 6.1.0 (/opt/ros/humble/share/rmw_implementation_cmake/cmake)
[0.629s] -- Found rmw_fastrtps_cpp: 6.2.1 (/opt/ros/humble/share/rmw_fastrtps_cpp/cmake)
[0.913s] -- Using RMW implementation 'rmw_fastrtps_cpp' as default
[1.214s] -- Found rosidl_default_generators: 1.2.0 (/opt/ros/humble/share/rosidl_default_generators/cmake)
[1.233s] -- Found ament_lint_auto: 0.12.4 (/opt/ros/humble/share/ament_lint_auto/cmake)
[1.341s] Error parsing '/home/user/ros2_ws/src/custom_interfaces/package.xml':
[1.341s] Traceback (most recent call last):
[1.341s]   File "/opt/ros/humble/share/ament_cmake_core/cmake/core/package_xml_2_cmake.py", line 150, in <module>
[1.341s]     main()
[1.341s]   File "/opt/ros/humble/share/ament_cmake_core/cmake/core/package_xml_2_cmake.py", line 53, in main
[1.341s]     raise e
[1.341s]   File "/opt/ros/humble/share/ament_cmake_core/cmake/core/package_xml_2_cmake.py", line 49, in main
[1.342s]     package = parse_package_string(
[1.342s]   File "/usr/lib/python3/dist-packages/catkin_pkg/package.py", line 788, in parse_package_string
[1.343s]     pkg.validate(warnings=warnings)
[1.343s]   File "/usr/lib/python3/dist-packages/catkin_pkg/package.py", line 330, in validate
[1.343s]     raise InvalidPackage('\n'.join(errors), self.filename)
[1.343s] catkin_pkg.package.InvalidPackage: Error(s) in package '/home/user/ros2_ws/src/custom_interfaces/package.xml':
[1.343s] The package "custom_interfaces" must not "build_depend" on a package with the same name as this package
[1.344s] The package "custom_interfaces" must not "build_export_depend" on a package with the same name as this package
[1.344s] The package "custom_interfaces" must not "exec_depend" on a package with the same name as this package
[1.355s] [31mCMake Error at /opt/ros/humble/share/ament_cmake_core/cmake/core/ament_package_xml.cmake:95 (message):
[1.355s]   execute_process(/usr/bin/python3.10
[1.355s]   /opt/ros/humble/share/ament_cmake_core/cmake/core/package_xml_2_cmake.py
[1.356s]   /home/user/ros2_ws/src/custom_interfaces/package.xml
[1.356s]   /home/user/ros2_ws/build/custom_interfaces/ament_cmake_core/package.cmake)
[1.356s]   returned error code 1
[1.356s] Call Stack (most recent call first):
[1.356s]   /opt/ros/humble/share/ament_cmake_core/cmake/core/ament_package_xml.cmake:49 (_ament_package_xml)
[1.356s]   /opt/ros/humble/share/ament_lint_auto/cmake/ament_lint_auto_find_test_dependencies.cmake:31 (ament_package_xml)
[1.356s]   CMakeLists.txt:32 (ament_lint_auto_find_test_dependencies)
[1.357s] 
[1.357s] [0m
[1.357s] -- Configuring incomplete, errors occurred!
[1.357s] See also "/home/user/ros2_ws/build/custom_interfaces/CMakeFiles/CMakeOutput.log".
[1.367s] gmake: *** [Makefile:747: cmake_check_build_system] Error 1
[1.370s] Invoked command in '/home/user/ros2_ws/build/custom_interfaces' returned '2': _=/usr/bin/env /usr/bin/cmake --build /home/user/ros2_ws/build/custom_interfaces -- -j8 -l8
